[ 2016-09-22T21:24:10+08:00 ] ::1 /look/index.php?m=Admin&c=Admin&a=account
INFO: [ app_init ] --START--
INFO: Run Behavior\BuildLiteBehavior [ RunTime:0.000010s ]
INFO: [ app_init ] --END-- [ RunTime:0.000300s ]
ERR: 无法加载模块:Admin

[ 2016-09-22T21:24:16+08:00 ] ::1 /look/index.php?m=Admin&c=Admin&a=account
INFO: [ app_init ] --START--
INFO: Run Behavior\BuildLiteBehavior [ RunTime:0.000016s ]
INFO: [ app_init ] --END-- [ RunTime:0.000424s ]
ERR: 无法加载模块:Admin

[ 2016-09-22T21:24:17+08:00 ] ::1 /look/index.php?m=Admin&c=Admin&a=account
INFO: [ app_init ] --START--
INFO: Run Behavior\BuildLiteBehavior [ RunTime:0.000005s ]
INFO: [ app_init ] --END-- [ RunTime:0.000171s ]
ERR: 无法加载模块:Admin

[ 2016-09-22T21:24:17+08:00 ] ::1 /look/index.php?m=Admin&c=Admin&a=account
INFO: [ app_init ] --START--
INFO: Run Behavior\BuildLiteBehavior [ RunTime:0.000007s ]
INFO: [ app_init ] --END-- [ RunTime:0.000176s ]
ERR: 无法加载模块:Admin

[ 2016-09-22T21:24:18+08:00 ] ::1 /look/index.php?m=Admin&c=Admin&a=account
INFO: [ app_init ] --START--
INFO: Run Behavior\BuildLiteBehavior [ RunTime:0.000005s ]
INFO: [ app_init ] --END-- [ RunTime:0.000155s ]
ERR: 无法加载模块:Admin

[ 2016-09-22T21:24:18+08:00 ] ::1 /look/index.php?m=Admin&c=Admin&a=account
INFO: [ app_init ] --START--
INFO: Run Behavior\BuildLiteBehavior [ RunTime:0.000005s ]
INFO: [ app_init ] --END-- [ RunTime:0.000155s ]
ERR: 无法加载模块:Admin

[ 2016-09-22T21:24:19+08:00 ] ::1 /look/index.php?m=Admin&c=Admin&a=account
INFO: [ app_init ] --START--
INFO: Run Behavior\BuildLiteBehavior [ RunTime:0.000006s ]
INFO: [ app_init ] --END-- [ RunTime:0.000166s ]
ERR: 无法加载模块:Admin

[ 2016-09-22T21:24:19+08:00 ] ::1 /look/index.php?m=Admin&c=Admin&a=account
INFO: [ app_init ] --START--
INFO: Run Behavior\BuildLiteBehavior [ RunTime:0.000006s ]
INFO: [ app_init ] --END-- [ RunTime:0.000167s ]
ERR: 无法加载模块:Admin

[ 2016-09-22T21:29:09+08:00 ] ::1 /look/index.php?m=Admin&c=Admin&a=account
INFO: [ app_init ] --START--
INFO: Run Behavior\BuildLiteBehavior [ RunTime:0.000016s ]
INFO: [ app_init ] --END-- [ RunTime:0.000396s ]
ERR: 无法加载模块:Admin

